Using pre-set license

 COMMAND LINE ARGUMENTS:
/Applications/Unity/Hub/Editor/2020.3.1f1/Unity.app/Contents/MacOS/Unity
-adb2
-batchMode
-noUpm
-name
AssetImportWorker0
-projectPath
/Users/tylergreen/Games/Pokemon 3D
-logFile
Logs/AssetImportWorker0.log
-srvPort
54778
Successfully changed project path to: /Users/tylergreen/Games/Pokemon 3D
/Users/tylergreen/Games/Pokemon 3D
Using Asset Import Pipeline V2.
Refreshing native plugins compatible for Editor in 39.25 ms, found 3 plugins.
Preloading 0 native plugins for Editor in 0.00 ms.
Initialize engine version: 2020.3.1f1 (77a89f25062f)
[Subsystems] Discovering subsystems at path /Applications/Unity/Hub/Editor/2020.3.1f1/Unity.app/Contents/Resources/UnitySubsystems
[Subsystems] Discovering subsystems at path /Users/tylergreen/Games/Pokemon 3D/Assets
GfxDevice: creating device client; threaded=0
2021-04-22 21:11:12.349 Unity[8591:210026] Color LCD preferred device: AMD Radeon R9 M370X (high power)
2021-04-22 21:11:12.350 Unity[8591:210026] Metal devices available: 2
2021-04-22 21:11:12.350 Unity[8591:210026] 0: AMD Radeon R9 M370X (high power)
2021-04-22 21:11:12.350 Unity[8591:210026] 1: Intel Iris Pro Graphics (low power)
2021-04-22 21:11:12.350 Unity[8591:210026] Using device AMD Radeon R9 M370X (high power)
Initializing Metal device caps: AMD Radeon R9 M370X
Initialize mono
Mono path[0] = '/Applications/Unity/Hub/Editor/2020.3.1f1/Unity.app/Contents/Managed'
Mono path[1] = '/Applications/Unity/Hub/Editor/2020.3.1f1/Unity.app/Contents/MonoBleedingEdge/lib/mono/unityjit'
Mono config path = '/Applications/Unity/Hub/Editor/2020.3.1f1/Unity.app/Contents/MonoBleedingEdge/etc'
Using monoOptions --debugger-agent=transport=dt_socket,embedding=1,server=y,suspend=n,address=127.0.0.1:56591
Begin MonoManager ReloadAssembly
Registering precompiled unity dll's ...
Register platform support module: /Applications/Unity/Hub/Editor/2020.3.1f1/Unity.app/Contents/PlaybackEngines/MacStandaloneSupport/UnityEditor.OSXStandalone.Extensions.dll
Register platform support module: /Applications/Unity/Hub/Editor/2020.3.1f1/PlaybackEngines/WindowsStandaloneSupport/UnityEditor.WindowsStandalone.Extensions.dll
Registered in 0.000748 seconds.
Native extension for WindowsStandalone target not found
Native extension for OSXStandalone target not found
Refreshing native plugins compatible for Editor in 37.41 ms, found 3 plugins.
Preloading 0 native plugins for Editor in 0.00 ms.
Invoked RoslynAnalysisRunner static constructor.
RoslynAnalysisRunner will not be running.
RoslynAnalysisRunner has terminated.
Mono: successfully reloaded assembly
- Completed reload, in  2.203 seconds
Platform modules already initialized, skipping
Registering precompiled user dll's ...
Registered in 0.000688 seconds.
Begin MonoManager ReloadAssembly
Native extension for WindowsStandalone target not found
Native extension for OSXStandalone target not found
Refreshing native plugins compatible for Editor in 0.46 ms, found 3 plugins.
Preloading 0 native plugins for Editor in 0.00 ms.
Invoked RoslynAnalysisRunner static constructor.
RoslynAnalysisRunner will not be running.
RoslynAnalysisRunner has terminated.
Mono: successfully reloaded assembly
- Completed reload, in  1.129 seconds
Platform modules already initialized, skipping
========================================================================
Worker process is ready to serve import requests
Launching external process: /Applications/Unity/Hub/Editor/2020.3.1f1/Unity.app/Contents/Tools/UnityShaderCompiler
Launched and connected shader compiler UnityShaderCompiler after 0.01 seconds
Refreshing native plugins compatible for Editor in 0.39 ms, found 3 plugins.
Preloading 0 native plugins for Editor in 0.00 ms.
Unloading 1362 Unused Serialized files (Serialized files now loaded: 0)
System memory in use before: 132.6 MB.
System memory in use after: 132.6 MB.

Unloading 18 unused Assets to reduce memory usage. Loaded Objects now: 1800.
Total: 2.638141 ms (FindLiveObjects: 0.243662 ms CreateObjectMapping: 0.104914 ms MarkObjects: 2.149898 ms  DeleteObjects: 0.138617 ms)

========================================================================
Received Import Request.
  path: Assets/Models/Pokemon Trainers
  artifactKey: Guid(6d289df14c89447268b4087856cb5f5a) Importer(815301076,1909f56bfc062723c751e8b465ee728b)
Start importing Assets/Models/Pokemon Trainers using Guid(6d289df14c89447268b4087856cb5f5a) Importer(815301076,1909f56bfc062723c751e8b465ee728b)  -> (artifact id: '470f8dd910294c740311a561a0257e7c') in 0.005615 seconds
  Import took 0.009065 seconds .

========================================================================
Received Import Request.
  Time since last request: 0.653262 seconds.
  path: Assets/Models/Pokemon Trainers/mball.dae
  artifactKey: Guid(42f479362cdc946a3a06562d7a66f6de) Importer(815301076,1909f56bfc062723c751e8b465ee728b)
Start importing Assets/Models/Pokemon Trainers/mball.dae using Guid(42f479362cdc946a3a06562d7a66f6de) Importer(815301076,1909f56bfc062723c751e8b465ee728b)  -> (artifact id: '559dea559a3e6a82e9c63f5965c8ab51') in 0.503078 seconds
  Import took 0.506355 seconds .

========================================================================
Received Import Request.
  Time since last request: 0.000314 seconds.
  path: Assets/Models/Pokemon Trainers/ptrainer_female.fbx
  artifactKey: Guid(0a7b0e00dd72a431f8b60544a80c2231) Importer(815301076,1909f56bfc062723c751e8b465ee728b)
Start importing Assets/Models/Pokemon Trainers/ptrainer_female.fbx using Guid(0a7b0e00dd72a431f8b60544a80c2231) Importer(815301076,1909f56bfc062723c751e8b465ee728b)  -> (artifact id: 'ea58c3b98084436499f88df06ad81bdb') in 1.298069 seconds
  Import took 1.302749 seconds .

========================================================================
Received Import Request.
  Time since last request: 0.000330 seconds.
  path: Assets/Models/Pokemon Trainers/ptrainer.dae
  artifactKey: Guid(34d0d7881ad7c4d15a0ee0c214a9844d) Importer(815301076,1909f56bfc062723c751e8b465ee728b)
Start importing Assets/Models/Pokemon Trainers/ptrainer.dae using Guid(34d0d7881ad7c4d15a0ee0c214a9844d) Importer(815301076,1909f56bfc062723c751e8b465ee728b)  -> (artifact id: '8ce831f90ee6bffeddb10b987a006aff') in 0.426054 seconds
  Import took 0.429754 seconds .

========================================================================
Received Import Request.
  Time since last request: 0.000215 seconds.
  path: Assets/Models/Pokemon Trainers/ptrainer_female.dae
  artifactKey: Guid(c99df8a2ac52b44fb9ec6ff30e5ce900) Importer(815301076,1909f56bfc062723c751e8b465ee728b)
Start importing Assets/Models/Pokemon Trainers/ptrainer_female.dae using Guid(c99df8a2ac52b44fb9ec6ff30e5ce900) Importer(815301076,1909f56bfc062723c751e8b465ee728b)  -> (artifact id: '62a149f49e4db75ed8bef1ec9209f528') in 0.453196 seconds
  Import took 0.456585 seconds .

========================================================================
Received Import Request.
  Time since last request: 0.000267 seconds.
  path: Assets/Models/Pokemon Trainers/mball.fbx
  artifactKey: Guid(b0d7be53b8f08406fb04e783b838e20c) Importer(815301076,1909f56bfc062723c751e8b465ee728b)
Start importing Assets/Models/Pokemon Trainers/mball.fbx using Guid(b0d7be53b8f08406fb04e783b838e20c) Importer(815301076,1909f56bfc062723c751e8b465ee728b)  -> (artifact id: '0f799e3e477222dbec61debaefee3de1') in 0.054791 seconds
  Import took 0.057291 seconds .

========================================================================
Received Import Request.
  Time since last request: 0.000224 seconds.
  path: Assets/Models/Pokemon Trainers/ptrainer.fbx
  artifactKey: Guid(ac322793b4272499fb190b7baa82e141) Importer(815301076,1909f56bfc062723c751e8b465ee728b)
Start importing Assets/Models/Pokemon Trainers/ptrainer.fbx using Guid(ac322793b4272499fb190b7baa82e141) Importer(815301076,1909f56bfc062723c751e8b465ee728b)  -> (artifact id: 'b24069860a1a75b0f505eeb772ebaa91') in 0.384364 seconds
  Import took 0.387598 seconds .

========================================================================
Received Import Request.
  Time since last request: 168.611347 seconds.
  path: Assets/Models/Pokemon Trainers/images
  artifactKey: Guid(332edf5214218487b8b6fcb62d85dbcf) Importer(815301076,1909f56bfc062723c751e8b465ee728b)
Start importing Assets/Models/Pokemon Trainers/images using Guid(332edf5214218487b8b6fcb62d85dbcf) Importer(815301076,1909f56bfc062723c751e8b465ee728b)  -> (artifact id: '46f7098cd9d45e2713646d04451146c2') in 0.002504 seconds
  Import took 0.005405 seconds .

========================================================================
Received Import Request.
  Time since last request: 0.064678 seconds.
  path: Assets/Models/Pokemon Trainers/images/alp_ptrainer_001_ao.png
  artifactKey: Guid(59a145509071d4a6c9c310c81281c535) Importer(815301076,1909f56bfc062723c751e8b465ee728b)
Start importing Assets/Models/Pokemon Trainers/images/alp_ptrainer_001_ao.png using Guid(59a145509071d4a6c9c310c81281c535) Importer(815301076,1909f56bfc062723c751e8b465ee728b)  -> (artifact id: 'b92184f5d328ee0dbc0dfafd4d8b3b28') in 1.033610 seconds
  Import took 1.036933 seconds .

========================================================================
Received Import Request.
  Time since last request: 0.000236 seconds.
  path: Assets/Models/Pokemon Trainers/images/alp_ptrainer_001_mtl.png
  artifactKey: Guid(696b8240df0ce49588ab56f1775def7f) Importer(815301076,1909f56bfc062723c751e8b465ee728b)
Start importing Assets/Models/Pokemon Trainers/images/alp_ptrainer_001_mtl.png using Guid(696b8240df0ce49588ab56f1775def7f) Importer(815301076,1909f56bfc062723c751e8b465ee728b)  -> (artifact id: '582d6141b71deeda96b8c74d50fd6071') in 0.007311 seconds
  Import took 0.009291 seconds .

========================================================================
Received Import Request.
  Time since last request: 0.000176 seconds.
  path: Assets/Models/Pokemon Trainers/images/alp_ptrainer_001_rgh.png
  artifactKey: Guid(579429ec5d17b401d9b72a26bce808a8) Importer(815301076,1909f56bfc062723c751e8b465ee728b)
Start importing Assets/Models/Pokemon Trainers/images/alp_ptrainer_001_rgh.png using Guid(579429ec5d17b401d9b72a26bce808a8) Importer(815301076,1909f56bfc062723c751e8b465ee728b)  -> (artifact id: '139571d529fac0f04f7cc541bab291be') in 0.006161 seconds
  Import took 0.008066 seconds .

========================================================================
Received Import Request.
  Time since last request: 0.000320 seconds.
  path: Assets/Models/Pokemon Trainers/images/eye_ptrainer_b_col.png
  artifactKey: Guid(a5601baa866cf4c50b0ab83df6efe710) Importer(815301076,1909f56bfc062723c751e8b465ee728b)
Start importing Assets/Models/Pokemon Trainers/images/eye_ptrainer_b_col.png using Guid(a5601baa866cf4c50b0ab83df6efe710) Importer(815301076,1909f56bfc062723c751e8b465ee728b)  -> (artifact id: '83cb26ee7cb9ab9fe7b93197c17ea91b') in 0.005183 seconds
  Import took 0.007761 seconds .

========================================================================
Received Import Request.
  Time since last request: 0.000201 seconds.
  path: Assets/Models/Pokemon Trainers/images/def_ptrainer_female_001_nor_a.png
  artifactKey: Guid(26c7ab8a7c60043719be68efebcce6f8) Importer(815301076,1909f56bfc062723c751e8b465ee728b)
Start importing Assets/Models/Pokemon Trainers/images/def_ptrainer_female_001_nor_a.png using Guid(26c7ab8a7c60043719be68efebcce6f8) Importer(815301076,1909f56bfc062723c751e8b465ee728b)  -> (artifact id: 'eb177752ed3b30691eb14e66dfb05194') in 0.008572 seconds
  Import took 0.010710 seconds .

========================================================================
Received Import Request.
  Time since last request: 0.000242 seconds.
  path: Assets/Models/Pokemon Trainers/images/alp_ptrainer_001_ao.png
  artifactKey: Guid(59a145509071d4a6c9c310c81281c535) Importer(815301076,1909f56bfc062723c751e8b465ee728b)
Start importing Assets/Models/Pokemon Trainers/images/alp_ptrainer_001_ao.png using Guid(59a145509071d4a6c9c310c81281c535) Importer(815301076,1909f56bfc062723c751e8b465ee728b)  -> (artifact id: 'b92184f5d328ee0dbc0dfafd4d8b3b28') in 0.006520 seconds
  Import took 0.008505 seconds .

========================================================================
Received Import Request.
  Time since last request: 0.000236 seconds.
  path: Assets/Models/Pokemon Trainers/images/alp_ptrainer_female_001_rgh.png
  artifactKey: Guid(dd8ca150d5ae94d488b389cc75624b5f) Importer(815301076,1909f56bfc062723c751e8b465ee728b)
Start importing Assets/Models/Pokemon Trainers/images/alp_ptrainer_female_001_rgh.png using Guid(dd8ca150d5ae94d488b389cc75624b5f) Importer(815301076,1909f56bfc062723c751e8b465ee728b)  -> (artifact id: 'b60a1bce68f6d682c42392758ab1be1b') in 0.010297 seconds
  Import took 0.012197 seconds .

========================================================================
Received Import Request.
  Time since last request: 0.000183 seconds.
  path: Assets/Models/Pokemon Trainers/images/def_ptrainer_female_001_mtl.png
  artifactKey: Guid(833e994890d4949efa99b2e796c7d015) Importer(815301076,1909f56bfc062723c751e8b465ee728b)
Start importing Assets/Models/Pokemon Trainers/images/def_ptrainer_female_001_mtl.png using Guid(833e994890d4949efa99b2e796c7d015) Importer(815301076,1909f56bfc062723c751e8b465ee728b)  -> (artifact id: 'c294688abffbcbe19b9a1eed188f18f4') in 0.005181 seconds
  Import took 0.007340 seconds .

========================================================================
Received Import Request.
  Time since last request: 0.000284 seconds.
  path: Assets/Models/Pokemon Trainers/images/def_ptrainer_001_rgh.png
  artifactKey: Guid(16d4514541f3647c09fb1d2054f6623f) Importer(815301076,1909f56bfc062723c751e8b465ee728b)
Start importing Assets/Models/Pokemon Trainers/images/def_ptrainer_001_rgh.png using Guid(16d4514541f3647c09fb1d2054f6623f) Importer(815301076,1909f56bfc062723c751e8b465ee728b)  -> (artifact id: '112bb1382e9da208c0c6355c20ae84d8') in 0.005178 seconds
  Import took 0.007221 seconds .

========================================================================
Received Import Request.
  Time since last request: 0.000207 seconds.
  path: Assets/Models/Pokemon Trainers/images/def_ptrainer_female_001_nor.png
  artifactKey: Guid(f1a306fee26224b09bdd93431efff55e) Importer(815301076,1909f56bfc062723c751e8b465ee728b)
Start importing Assets/Models/Pokemon Trainers/images/def_ptrainer_female_001_nor.png using Guid(f1a306fee26224b09bdd93431efff55e) Importer(815301076,1909f56bfc062723c751e8b465ee728b)  -> (artifact id: '29c938006ca20195e767cea3c614df6e') in 0.006187 seconds
  Import took 0.008641 seconds .

========================================================================
Received Import Request.
  Time since last request: 0.000208 seconds.
  path: Assets/Models/Pokemon Trainers/images/def_mball_001_nor_a.png
  artifactKey: Guid(eaed39d83e7a242d2969baabc8fe0618) Importer(815301076,1909f56bfc062723c751e8b465ee728b)
Start importing Assets/Models/Pokemon Trainers/images/def_mball_001_nor_a.png using Guid(eaed39d83e7a242d2969baabc8fe0618) Importer(815301076,1909f56bfc062723c751e8b465ee728b)  -> (artifact id: '63b2b3d4fd8f113651ef0418e6f8609e') in 0.006120 seconds
  Import took 0.008242 seconds .

========================================================================
Received Import Request.
  Time since last request: 0.000270 seconds.
  path: Assets/Models/Pokemon Trainers/images/def_ptrainer_female_001_rgh.png
  artifactKey: Guid(96c39ea72743b4e4f9660d03699c79d3) Importer(815301076,1909f56bfc062723c751e8b465ee728b)
Start importing Assets/Models/Pokemon Trainers/images/def_ptrainer_female_001_rgh.png using Guid(96c39ea72743b4e4f9660d03699c79d3) Importer(815301076,1909f56bfc062723c751e8b465ee728b)  -> (artifact id: 'c2aa705d0977d49abf8e764254f23b79') in 0.007299 seconds
  Import took 0.009430 seconds .

========================================================================
Received Import Request.
  Time since last request: 0.000188 seconds.
  path: Assets/Models/Pokemon Trainers/images/alp_ptrainer_001_nor.png
  artifactKey: Guid(c501dc201c71640bcae22d6cad4256ae) Importer(815301076,1909f56bfc062723c751e8b465ee728b)
Start importing Assets/Models/Pokemon Trainers/images/alp_ptrainer_001_nor.png using Guid(c501dc201c71640bcae22d6cad4256ae) Importer(815301076,1909f56bfc062723c751e8b465ee728b)  -> (artifact id: '0fb80c5dd4bd698d49b2c21b76b4fbfa') in 0.006622 seconds
  Import took 0.008940 seconds .

========================================================================
Received Import Request.
  Time since last request: 0.000236 seconds.
  path: Assets/Models/Pokemon Trainers/images/def_ptrainer_001_ao.png
  artifactKey: Guid(3a812c361457447e89797579d4e916bc) Importer(815301076,1909f56bfc062723c751e8b465ee728b)
Start importing Assets/Models/Pokemon Trainers/images/def_ptrainer_001_ao.png using Guid(3a812c361457447e89797579d4e916bc) Importer(815301076,1909f56bfc062723c751e8b465ee728b)  -> (artifact id: '32df4757aa6d331b36d737ecbf7c4ebe') in 0.005984 seconds
  Import took 0.008195 seconds .

========================================================================
Received Import Request.
  Time since last request: 0.000227 seconds.
  path: Assets/Models/Pokemon Trainers/images/alp_ptrainer_001_nor_b.png
  artifactKey: Guid(d358ffa3765e04a10a6cca3584776e48) Importer(815301076,1909f56bfc062723c751e8b465ee728b)
Start importing Assets/Models/Pokemon Trainers/images/alp_ptrainer_001_nor_b.png using Guid(d358ffa3765e04a10a6cca3584776e48) Importer(815301076,1909f56bfc062723c751e8b465ee728b)  -> (artifact id: 'd8b25ba1bd1d120cfbf9a4b9f09d81c7') in 0.005468 seconds
  Import took 0.007783 seconds .

========================================================================
Received Import Request.
  Time since last request: 0.000197 seconds.
  path: Assets/Models/Pokemon Trainers/images/eye_ptrainer_frmale_w_spc.png
  artifactKey: Guid(dd660abe45bfc41b983066aadfa340d5) Importer(815301076,1909f56bfc062723c751e8b465ee728b)
Start importing Assets/Models/Pokemon Trainers/images/eye_ptrainer_frmale_w_spc.png using Guid(dd660abe45bfc41b983066aadfa340d5) Importer(815301076,1909f56bfc062723c751e8b465ee728b)  -> (artifact id: 'efd951c5657730161384c0511f8e6465') in 0.005700 seconds
  Import took 0.007853 seconds .

========================================================================
Received Import Request.
  Time since last request: 0.000278 seconds.
  path: Assets/Models/Pokemon Trainers/images/eye_ptrainer_w_nor_a.png
  artifactKey: Guid(dd409179b25c947698ad1e14584d81b1) Importer(815301076,1909f56bfc062723c751e8b465ee728b)
Start importing Assets/Models/Pokemon Trainers/images/eye_ptrainer_w_nor_a.png using Guid(dd409179b25c947698ad1e14584d81b1) Importer(815301076,1909f56bfc062723c751e8b465ee728b)  -> (artifact id: 'b02c57b2ce9eff774d4394d1dd53bfba') in 0.005901 seconds
  Import took 0.008185 seconds .

========================================================================
Received Import Request.
  Time since last request: 0.000193 seconds.
  path: Assets/Models/Pokemon Trainers/images/eye_ptrainer_w_mtl.png
  artifactKey: Guid(f49d371e68312424ba3e39a6f6d02103) Importer(815301076,1909f56bfc062723c751e8b465ee728b)
Start importing Assets/Models/Pokemon Trainers/images/eye_ptrainer_w_mtl.png using Guid(f49d371e68312424ba3e39a6f6d02103) Importer(815301076,1909f56bfc062723c751e8b465ee728b)  -> (artifact id: '88a45b4d42b1137938922f3c7e3c19e1') in 0.004583 seconds
  Import took 0.007289 seconds .

========================================================================
Received Import Request.
  Time since last request: 0.000256 seconds.
  path: Assets/Models/Pokemon Trainers/images/eye_ptrainer_frmale_w_nor_a.png
  artifactKey: Guid(5b90fc6cb258f47dcbf6b287ed870431) Importer(815301076,1909f56bfc062723c751e8b465ee728b)
Start importing Assets/Models/Pokemon Trainers/images/eye_ptrainer_frmale_w_nor_a.png using Guid(5b90fc6cb258f47dcbf6b287ed870431) Importer(815301076,1909f56bfc062723c751e8b465ee728b)  -> (artifact id: 'd01e262f39f06d30a974ad9e3982bcf6') in 0.005037 seconds
  Import took 0.007977 seconds .

========================================================================
Received Import Request.
  Time since last request: 0.000259 seconds.
  path: Assets/Models/Pokemon Trainers/images/eye_ptrainer_frmale_w_rgh.png
  artifactKey: Guid(8112b554cd156430aaafc52f92dfa219) Importer(815301076,1909f56bfc062723c751e8b465ee728b)
Start importing Assets/Models/Pokemon Trainers/images/eye_ptrainer_frmale_w_rgh.png using Guid(8112b554cd156430aaafc52f92dfa219) Importer(815301076,1909f56bfc062723c751e8b465ee728b)  -> (artifact id: '30beb524c6cc5fa60e19455758080f6c') in 0.007383 seconds
  Import took 0.010431 seconds .

========================================================================
Received Import Request.
  Time since last request: 0.000721 seconds.
  path: Assets/Models/Pokemon Trainers/images/eye_ptrainer_frmale_w_nor_b.png
  artifactKey: Guid(f49f40afeadbb4d4583995fbbdf15319) Importer(815301076,1909f56bfc062723c751e8b465ee728b)
Start importing Assets/Models/Pokemon Trainers/images/eye_ptrainer_frmale_w_nor_b.png using Guid(f49f40afeadbb4d4583995fbbdf15319) Importer(815301076,1909f56bfc062723c751e8b465ee728b)  -> (artifact id: '078848c66a979e34266157652f151635') in 0.011211 seconds
  Import took 0.014770 seconds .

========================================================================
Received Import Request.
  Time since last request: 0.000228 seconds.
  path: Assets/Models/Pokemon Trainers/images/def_ptrainer_female_001_nor_b.png
  artifactKey: Guid(b612642267ef84e5ba4a89cd370280bb) Importer(815301076,1909f56bfc062723c751e8b465ee728b)
Start importing Assets/Models/Pokemon Trainers/images/def_ptrainer_female_001_nor_b.png using Guid(b612642267ef84e5ba4a89cd370280bb) Importer(815301076,1909f56bfc062723c751e8b465ee728b)  -> (artifact id: '5378c81b608886bc805396296111998f') in 0.009499 seconds
  Import took 0.011734 seconds .

========================================================================
Received Import Request.
  Time since last request: 0.000249 seconds.
  path: Assets/Models/Pokemon Trainers/images/def_ptrainer_001_spc.png
  artifactKey: Guid(57a8643e9c6064325a3e1e7815a34c97) Importer(815301076,1909f56bfc062723c751e8b465ee728b)
Start importing Assets/Models/Pokemon Trainers/images/def_ptrainer_001_spc.png using Guid(57a8643e9c6064325a3e1e7815a34c97) Importer(815301076,1909f56bfc062723c751e8b465ee728b)  -> (artifact id: '8cef1172f8a5c88c49e5e24fda25186f') in 0.005857 seconds
  Import took 0.007965 seconds .

========================================================================
Received Import Request.
  Time since last request: 0.000182 seconds.
  path: Assets/Models/Pokemon Trainers/images/def_ptrainer_001_nor_b.png
  artifactKey: Guid(1cc68bf657fe745cab23ce5c30bea9ff) Importer(815301076,1909f56bfc062723c751e8b465ee728b)
Start importing Assets/Models/Pokemon Trainers/images/def_ptrainer_001_nor_b.png using Guid(1cc68bf657fe745cab23ce5c30bea9ff) Importer(815301076,1909f56bfc062723c751e8b465ee728b)  -> (artifact id: '166b8632ddd659c412772dca112deeb1') in 0.008313 seconds
  Import took 0.011369 seconds .

========================================================================
Received Import Request.
  Time since last request: 0.000264 seconds.
  path: Assets/Models/Pokemon Trainers/images/alp_ptrainer_female_001_ao.png
  artifactKey: Guid(ea08e391c18da4d4fb4d82feb9b53744) Importer(815301076,1909f56bfc062723c751e8b465ee728b)
Start importing Assets/Models/Pokemon Trainers/images/alp_ptrainer_female_001_ao.png using Guid(ea08e391c18da4d4fb4d82feb9b53744) Importer(815301076,1909f56bfc062723c751e8b465ee728b)  -> (artifact id: '5f79667504e5be896c2c8f6cc8d1e555') in 0.009400 seconds
  Import took 0.012541 seconds .

========================================================================
Received Import Request.
  Time since last request: 0.000583 seconds.
  path: Assets/Models/Pokemon Trainers/images/def_ptrainer_001_nor_a.png
  artifactKey: Guid(39f351cc9ee9c4ef498219b452bfa58c) Importer(815301076,1909f56bfc062723c751e8b465ee728b)
Start importing Assets/Models/Pokemon Trainers/images/def_ptrainer_001_nor_a.png using Guid(39f351cc9ee9c4ef498219b452bfa58c) Importer(815301076,1909f56bfc062723c751e8b465ee728b)  -> (artifact id: 'f3c185487a8133c71f6cf87d6f30d211') in 0.013859 seconds
  Import took 0.017706 seconds .

========================================================================
Received Import Request.
  Time since last request: 0.000220 seconds.
  path: Assets/Models/Pokemon Trainers/images/eye_ptrainer_female_b_col.png
  artifactKey: Guid(750ab30cc8ede4b86809a0d7d850b2e9) Importer(815301076,1909f56bfc062723c751e8b465ee728b)
Start importing Assets/Models/Pokemon Trainers/images/eye_ptrainer_female_b_col.png using Guid(750ab30cc8ede4b86809a0d7d850b2e9) Importer(815301076,1909f56bfc062723c751e8b465ee728b)  -> (artifact id: '3cccc42e49f65946c06ca7601f8a9c3c') in 0.007651 seconds
  Import took 0.010694 seconds .

========================================================================
Received Import Request.
  Time since last request: 0.000559 seconds.
  path: Assets/Models/Pokemon Trainers/images/eye_ptrainer_frmale_w_ao.png
  artifactKey: Guid(0b5d2209cea0949439f20d106d889d44) Importer(815301076,1909f56bfc062723c751e8b465ee728b)
Start importing Assets/Models/Pokemon Trainers/images/eye_ptrainer_frmale_w_ao.png using Guid(0b5d2209cea0949439f20d106d889d44) Importer(815301076,1909f56bfc062723c751e8b465ee728b)  -> (artifact id: '2aba0a277df863d0e896c44558933b92') in 0.007479 seconds
  Import took 0.010598 seconds .

========================================================================
Received Import Request.
  Time since last request: 0.000451 seconds.
  path: Assets/Models/Pokemon Trainers/images/eye_ptrainer_frmale_w_col.png
  artifactKey: Guid(78ce29916619e4e548e397c54f75a80b) Importer(815301076,1909f56bfc062723c751e8b465ee728b)
Start importing Assets/Models/Pokemon Trainers/images/eye_ptrainer_frmale_w_col.png using Guid(78ce29916619e4e548e397c54f75a80b) Importer(815301076,1909f56bfc062723c751e8b465ee728b)  -> (artifact id: '54318c7c927dd26204cdbfa44c1e4d96') in 0.007786 seconds
  Import took 0.010822 seconds .

========================================================================
Received Import Request.
  Time since last request: 0.000345 seconds.
  path: Assets/Models/Pokemon Trainers/images/eye_ptrainer_w_col.png
  artifactKey: Guid(305dcd30a8b3e40e5a10e8ae94c09581) Importer(815301076,1909f56bfc062723c751e8b465ee728b)
Start importing Assets/Models/Pokemon Trainers/images/eye_ptrainer_w_col.png using Guid(305dcd30a8b3e40e5a10e8ae94c09581) Importer(815301076,1909f56bfc062723c751e8b465ee728b)  -> (artifact id: 'f64ade2c2ee75ee5a1f3c6192626d955') in 0.010317 seconds
  Import took 0.013459 seconds .

========================================================================
Received Import Request.
  Time since last request: 0.000226 seconds.
  path: Assets/Models/Pokemon Trainers/images/alp_ptrainer_female_001_nor.png
  artifactKey: Guid(54df3647b0914430bbd6abad43d27d80) Importer(815301076,1909f56bfc062723c751e8b465ee728b)
Start importing Assets/Models/Pokemon Trainers/images/alp_ptrainer_female_001_nor.png using Guid(54df3647b0914430bbd6abad43d27d80) Importer(815301076,1909f56bfc062723c751e8b465ee728b)  -> (artifact id: '3866c8206176c9c3985fdbcefaab8e5c') in 0.006864 seconds
  Import took 0.009182 seconds .

========================================================================
Received Import Request.
  Time since last request: 0.000248 seconds.
  path: Assets/Models/Pokemon Trainers/images/def_mball_001_nor.png
  artifactKey: Guid(acb6901b94dc046d8a0356c146bf7388) Importer(815301076,1909f56bfc062723c751e8b465ee728b)
Start importing Assets/Models/Pokemon Trainers/images/def_mball_001_nor.png using Guid(acb6901b94dc046d8a0356c146bf7388) Importer(815301076,1909f56bfc062723c751e8b465ee728b)  -> (artifact id: '56db64aec59cb674c1482cf682d24ce8') in 0.007057 seconds
  Import took 0.009884 seconds .

========================================================================
Received Import Request.
  Time since last request: 0.000296 seconds.
  path: Assets/Models/Pokemon Trainers/images/def_ptrainer_001_col.png
  artifactKey: Guid(fca7fb1383a1f4395a730d6dad8df6d1) Importer(815301076,1909f56bfc062723c751e8b465ee728b)
Start importing Assets/Models/Pokemon Trainers/images/def_ptrainer_001_col.png using Guid(fca7fb1383a1f4395a730d6dad8df6d1) Importer(815301076,1909f56bfc062723c751e8b465ee728b)  -> (artifact id: '12432eed4d2623efd86623fd04abf532') in 0.008429 seconds
  Import took 0.011042 seconds .

========================================================================
Received Import Request.
  Time since last request: 0.000312 seconds.
  path: Assets/Models/Pokemon Trainers/images/alp_ptrainer_female_001_col.png
  artifactKey: Guid(40bd65e51c8474c80ba5eebebcb747dd) Importer(815301076,1909f56bfc062723c751e8b465ee728b)
Start importing Assets/Models/Pokemon Trainers/images/alp_ptrainer_female_001_col.png using Guid(40bd65e51c8474c80ba5eebebcb747dd) Importer(815301076,1909f56bfc062723c751e8b465ee728b)  -> (artifact id: 'bb1eafde3dbf147a010a49b2f3ae356a') in 0.006053 seconds
  Import took 0.008514 seconds .

========================================================================
Received Import Request.
  Time since last request: 0.000194 seconds.
  path: Assets/Models/Pokemon Trainers/images/alp_ptrainer_female_001_mtl.png
  artifactKey: Guid(4b1498ad4fc85413fbf12f7bfebc82d7) Importer(815301076,1909f56bfc062723c751e8b465ee728b)
Start importing Assets/Models/Pokemon Trainers/images/alp_ptrainer_female_001_mtl.png using Guid(4b1498ad4fc85413fbf12f7bfebc82d7) Importer(815301076,1909f56bfc062723c751e8b465ee728b)  -> (artifact id: 'c2842cf786f1e3bc7c8ddf6ab732d17f') in 0.005180 seconds
  Import took 0.007191 seconds .

========================================================================
Received Import Request.
  Time since last request: 0.000283 seconds.
  path: Assets/Models/Pokemon Trainers/images/def_mball_001_ao.png
  artifactKey: Guid(bc0082ebb3b314c51b5a25e9009e1cdf) Importer(815301076,1909f56bfc062723c751e8b465ee728b)
Start importing Assets/Models/Pokemon Trainers/images/def_mball_001_ao.png using Guid(bc0082ebb3b314c51b5a25e9009e1cdf) Importer(815301076,1909f56bfc062723c751e8b465ee728b)  -> (artifact id: '903e810cd4aaed07ba7aaf5e3f18b8fa') in 0.005814 seconds
  Import took 0.007646 seconds .

========================================================================
Received Import Request.
  Time since last request: 0.000185 seconds.
  path: Assets/Models/Pokemon Trainers/images/alp_ptrainer_female_001_nor_b.png
  artifactKey: Guid(06f8ff582c08248529b38a798230464d) Importer(815301076,1909f56bfc062723c751e8b465ee728b)
Start importing Assets/Models/Pokemon Trainers/images/alp_ptrainer_female_001_nor_b.png using Guid(06f8ff582c08248529b38a798230464d) Importer(815301076,1909f56bfc062723c751e8b465ee728b)  -> (artifact id: 'cb32859d88e87eb82564d3cc9ddfbc4c') in 0.008080 seconds
  Import took 0.010347 seconds .

========================================================================
Received Import Request.
  Time since last request: 0.000205 seconds.
  path: Assets/Models/Pokemon Trainers/images/alp_ptrainer_001_nor_a.png
  artifactKey: Guid(41b55481b292144c7b2446f2ab307294) Importer(815301076,1909f56bfc062723c751e8b465ee728b)
Start importing Assets/Models/Pokemon Trainers/images/alp_ptrainer_001_nor_a.png using Guid(41b55481b292144c7b2446f2ab307294) Importer(815301076,1909f56bfc062723c751e8b465ee728b)  -> (artifact id: '0005b0da7ebd925f3fa6493e4b79f90b') in 0.007113 seconds
  Import took 0.009261 seconds .

========================================================================
Received Import Request.
  Time since last request: 0.000221 seconds.
  path: Assets/Models/Pokemon Trainers/images/eye_ptrainer_w_nor.png
  artifactKey: Guid(7b19e1c5469a44bf1a8066323c59d150) Importer(815301076,1909f56bfc062723c751e8b465ee728b)
Start importing Assets/Models/Pokemon Trainers/images/eye_ptrainer_w_nor.png using Guid(7b19e1c5469a44bf1a8066323c59d150) Importer(815301076,1909f56bfc062723c751e8b465ee728b)  -> (artifact id: '33ef3f5973f9fbc36477ccff2b78ef9c') in 0.008579 seconds
  Import took 0.010654 seconds .

========================================================================
Received Import Request.
  Time since last request: 0.000191 seconds.
  path: Assets/Models/Pokemon Trainers/images/def_ptrainer_female_001_ao.png
  artifactKey: Guid(4783faa97dc974e2a98c0a157c948821) Importer(815301076,1909f56bfc062723c751e8b465ee728b)
Start importing Assets/Models/Pokemon Trainers/images/def_ptrainer_female_001_ao.png using Guid(4783faa97dc974e2a98c0a157c948821) Importer(815301076,1909f56bfc062723c751e8b465ee728b)  -> (artifact id: '0aa82f8102309a4cb3b6ec09c4e98e2b') in 0.006115 seconds
  Import took 0.007851 seconds .

========================================================================
Received Import Request.
  Time since last request: 0.000244 seconds.
  path: Assets/Models/Pokemon Trainers/images/def_mball_001_mtl.png
  artifactKey: Guid(8767efc707ba342e993d11385d4c7095) Importer(815301076,1909f56bfc062723c751e8b465ee728b)
Start importing Assets/Models/Pokemon Trainers/images/def_mball_001_mtl.png using Guid(8767efc707ba342e993d11385d4c7095) Importer(815301076,1909f56bfc062723c751e8b465ee728b)  -> (artifact id: '7461b6d0fb48088eee00cb64b86d7f0c') in 0.004706 seconds
  Import took 0.006876 seconds .

========================================================================
Received Import Request.
  Time since last request: 0.000250 seconds.
  path: Assets/Models/Pokemon Trainers/images/def_ptrainer_001_nor.png
  artifactKey: Guid(3a9d9f285411e48edbceb851fa1609ed) Importer(815301076,1909f56bfc062723c751e8b465ee728b)
Start importing Assets/Models/Pokemon Trainers/images/def_ptrainer_001_nor.png using Guid(3a9d9f285411e48edbceb851fa1609ed) Importer(815301076,1909f56bfc062723c751e8b465ee728b)  -> (artifact id: 'd8a4e214739c02830ba64f841e1dcbe0') in 0.006436 seconds
  Import took 0.009197 seconds .

========================================================================
Received Import Request.
  Time since last request: 0.000320 seconds.
  path: Assets/Models/Pokemon Trainers/images/eye_ptrainer_frmale_w_mtl.png
  artifactKey: Guid(234df89b82ad641fa95d1ff4997c11db) Importer(815301076,1909f56bfc062723c751e8b465ee728b)
Start importing Assets/Models/Pokemon Trainers/images/eye_ptrainer_frmale_w_mtl.png using Guid(234df89b82ad641fa95d1ff4997c11db) Importer(815301076,1909f56bfc062723c751e8b465ee728b)  -> (artifact id: '5388262f3006aa1d82e84bd79fa79060') in 0.005710 seconds
  Import took 0.008442 seconds .

========================================================================
Received Import Request.
  Time since last request: 0.000196 seconds.
  path: Assets/Models/Pokemon Trainers/images/def_ptrainer_001_mtl.png
  artifactKey: Guid(cc6908cb9a95d4acca277331010abbc6) Importer(815301076,1909f56bfc062723c751e8b465ee728b)
Start importing Assets/Models/Pokemon Trainers/images/def_ptrainer_001_mtl.png using Guid(cc6908cb9a95d4acca277331010abbc6) Importer(815301076,1909f56bfc062723c751e8b465ee728b)  -> (artifact id: '57419e029becd7cfa52f25593289ad58') in 0.005027 seconds
  Import took 0.007305 seconds .

========================================================================
Received Import Request.
  Time since last request: 0.000222 seconds.
  path: Assets/Models/Pokemon Trainers/images/def_ptrainer_female_001_col.png
  artifactKey: Guid(edcd5d5dfb0d9466db5fd088164eb750) Importer(815301076,1909f56bfc062723c751e8b465ee728b)
Start importing Assets/Models/Pokemon Trainers/images/def_ptrainer_female_001_col.png using Guid(edcd5d5dfb0d9466db5fd088164eb750) Importer(815301076,1909f56bfc062723c751e8b465ee728b)  -> (artifact id: 'acf353769ecd5a9545c3256866d3911c') in 0.007077 seconds
  Import took 0.009233 seconds .

========================================================================
Received Import Request.
  Time since last request: 0.000182 seconds.
  path: Assets/Models/Pokemon Trainers/images/eye_ptrainer_w_ao.png
  artifactKey: Guid(85516507441084396841ab44a8d9852a) Importer(815301076,1909f56bfc062723c751e8b465ee728b)
Start importing Assets/Models/Pokemon Trainers/images/eye_ptrainer_w_ao.png using Guid(85516507441084396841ab44a8d9852a) Importer(815301076,1909f56bfc062723c751e8b465ee728b)  -> (artifact id: 'bce2b86380c2cd7f1c4e0832618078e1') in 0.004202 seconds
  Import took 0.006099 seconds .

========================================================================
Received Import Request.
  Time since last request: 0.000203 seconds.
  path: Assets/Models/Pokemon Trainers/images/alp_ptrainer_female_001_nor_a.png
  artifactKey: Guid(109c0c5b2c9c743e5955a66a00450077) Importer(815301076,1909f56bfc062723c751e8b465ee728b)
Start importing Assets/Models/Pokemon Trainers/images/alp_ptrainer_female_001_nor_a.png using Guid(109c0c5b2c9c743e5955a66a00450077) Importer(815301076,1909f56bfc062723c751e8b465ee728b)  -> (artifact id: '7e215a6b2ab785b29e5879819bb342c0') in 0.005895 seconds
  Import took 0.008138 seconds .

========================================================================
Received Import Request.
  Time since last request: 0.000297 seconds.
  path: Assets/Models/Pokemon Trainers/images/def_mball_001_col.png
  artifactKey: Guid(bd59d24a6d803454bb958f119edd6a53) Importer(815301076,1909f56bfc062723c751e8b465ee728b)
Start importing Assets/Models/Pokemon Trainers/images/def_mball_001_col.png using Guid(bd59d24a6d803454bb958f119edd6a53) Importer(815301076,1909f56bfc062723c751e8b465ee728b)  -> (artifact id: '1d7bf6fb1470ab208bc292d6d4af99a1') in 0.005349 seconds
  Import took 0.007642 seconds .

========================================================================
Received Import Request.
  Time since last request: 0.000218 seconds.
  path: Assets/Models/Pokemon Trainers/images/alp_ptrainer_001_spc.png
  artifactKey: Guid(68ce29cb4f97f4d6b9beff4ef7c278e9) Importer(815301076,1909f56bfc062723c751e8b465ee728b)
Start importing Assets/Models/Pokemon Trainers/images/alp_ptrainer_001_spc.png using Guid(68ce29cb4f97f4d6b9beff4ef7c278e9) Importer(815301076,1909f56bfc062723c751e8b465ee728b)  -> (artifact id: '5bc2ba314747958a3b575d13a6eac4d2') in 0.005612 seconds
  Import took 0.007793 seconds .

========================================================================
Received Import Request.
  Time since last request: 0.000217 seconds.
  path: Assets/Models/Pokemon Trainers/images/alp_ptrainer_female_001_spc.png
  artifactKey: Guid(527caff4b27504811b93f220beaf8083) Importer(815301076,1909f56bfc062723c751e8b465ee728b)
Start importing Assets/Models/Pokemon Trainers/images/alp_ptrainer_female_001_spc.png using Guid(527caff4b27504811b93f220beaf8083) Importer(815301076,1909f56bfc062723c751e8b465ee728b)  -> (artifact id: '03ee3a7f4c1720a9f1437117ae103165') in 0.007484 seconds
  Import took 0.009887 seconds .

========================================================================
Received Import Request.
  Time since last request: 0.000204 seconds.
  path: Assets/Models/Pokemon Trainers/images/eye_ptrainer_frmale_w_nor.png
  artifactKey: Guid(a00298a92ffa14629b5ac53b15dbc8b8) Importer(815301076,1909f56bfc062723c751e8b465ee728b)
Start importing Assets/Models/Pokemon Trainers/images/eye_ptrainer_frmale_w_nor.png using Guid(a00298a92ffa14629b5ac53b15dbc8b8) Importer(815301076,1909f56bfc062723c751e8b465ee728b)  -> (artifact id: 'f9f3540531b42da5659bc23d7ca867e0') in 0.004784 seconds
  Import took 0.006886 seconds .

========================================================================
Received Import Request.
  Time since last request: 0.000221 seconds.
  path: Assets/Models/Pokemon Trainers/images/def_ptrainer_female_001_spc.png
  artifactKey: Guid(e19ecf27132aa4ad5bff132b7fe1d6df) Importer(815301076,1909f56bfc062723c751e8b465ee728b)
Start importing Assets/Models/Pokemon Trainers/images/def_ptrainer_female_001_spc.png using Guid(e19ecf27132aa4ad5bff132b7fe1d6df) Importer(815301076,1909f56bfc062723c751e8b465ee728b)  -> (artifact id: '71ccd95ce24e4a3aa8fceaf124e05169') in 0.008256 seconds
  Import took 0.010768 seconds .

========================================================================
Received Import Request.
  Time since last request: 0.000199 seconds.
  path: Assets/Models/Pokemon Trainers/images/def_mball_001_nor_b.png
  artifactKey: Guid(7235212c444fe477895968a042e9b5b9) Importer(815301076,1909f56bfc062723c751e8b465ee728b)
Start importing Assets/Models/Pokemon Trainers/images/def_mball_001_nor_b.png using Guid(7235212c444fe477895968a042e9b5b9) Importer(815301076,1909f56bfc062723c751e8b465ee728b)  -> (artifact id: '0a28c35970e6c7eb37dbc9fac7fb8ed0') in 0.010682 seconds
  Import took 0.012676 seconds .

========================================================================
Received Import Request.
  Time since last request: 0.000223 seconds.
  path: Assets/Models/Pokemon Trainers/images/def_mball_001_rgh.png
  artifactKey: Guid(41e877a00378b450c9ab0d2d51031bf4) Importer(815301076,1909f56bfc062723c751e8b465ee728b)
Start importing Assets/Models/Pokemon Trainers/images/def_mball_001_rgh.png using Guid(41e877a00378b450c9ab0d2d51031bf4) Importer(815301076,1909f56bfc062723c751e8b465ee728b)  -> (artifact id: '2a84e197bace584fa1ab940865ab3b96') in 0.005868 seconds
  Import took 0.008116 seconds .

========================================================================
Received Import Request.
  Time since last request: 0.000255 seconds.
  path: Assets/Models/Pokemon Trainers/images/alp_ptrainer_001_col.png
  artifactKey: Guid(e3a3f3e5c28cd4faf9300140cdb556ba) Importer(815301076,1909f56bfc062723c751e8b465ee728b)
Start importing Assets/Models/Pokemon Trainers/images/alp_ptrainer_001_col.png using Guid(e3a3f3e5c28cd4faf9300140cdb556ba) Importer(815301076,1909f56bfc062723c751e8b465ee728b)  -> (artifact id: '18aca337305509a61a5b4d86956f3d69') in 0.006508 seconds
  Import took 0.009114 seconds .

========================================================================
Received Import Request.
  Time since last request: 0.000205 seconds.
  path: Assets/Models/Pokemon Trainers/images/def_mball_001_spc.png
  artifactKey: Guid(2ec65a258553349b981ecf2b7b6e096e) Importer(815301076,1909f56bfc062723c751e8b465ee728b)
Start importing Assets/Models/Pokemon Trainers/images/def_mball_001_spc.png using Guid(2ec65a258553349b981ecf2b7b6e096e) Importer(815301076,1909f56bfc062723c751e8b465ee728b)  -> (artifact id: '75ecf9957da491c4c287f3eb859a3c98') in 0.004935 seconds
  Import took 0.006951 seconds .

========================================================================
Received Import Request.
  Time since last request: 0.865005 seconds.
  path: Assets/Models/Pokemon Trainers/images/eye_ptrainer_w_nor_b.png
  artifactKey: Guid(f2047f28d8717445fa0365b9e6db8957) Importer(815301076,1909f56bfc062723c751e8b465ee728b)
Start importing Assets/Models/Pokemon Trainers/images/eye_ptrainer_w_nor_b.png using Guid(f2047f28d8717445fa0365b9e6db8957) Importer(815301076,1909f56bfc062723c751e8b465ee728b)  -> (artifact id: '9a7f03b22d0dbba11b7e695110a7f186') in 0.005966 seconds
  Import took 0.008986 seconds .

========================================================================
Received Import Request.
  Time since last request: 0.000227 seconds.
  path: Assets/Models/Pokemon Trainers/images/metal_ptrainer_female_001_nor.png
  artifactKey: Guid(16877a867f1074e82ac493faaa1245cc) Importer(815301076,1909f56bfc062723c751e8b465ee728b)
Start importing Assets/Models/Pokemon Trainers/images/metal_ptrainer_female_001_nor.png using Guid(16877a867f1074e82ac493faaa1245cc) Importer(815301076,1909f56bfc062723c751e8b465ee728b)  -> (artifact id: '2a2e8d2711d70728787091051a4121c6') in 0.005724 seconds
  Import took 0.008066 seconds .

========================================================================
Received Import Request.
  Time since last request: 0.000233 seconds.
  path: Assets/Models/Pokemon Trainers/images/eye_ptrainer_w_spc.png
  artifactKey: Guid(20f54332b78e4462ea707a2489cf7f0d) Importer(815301076,1909f56bfc062723c751e8b465ee728b)
Start importing Assets/Models/Pokemon Trainers/images/eye_ptrainer_w_spc.png using Guid(20f54332b78e4462ea707a2489cf7f0d) Importer(815301076,1909f56bfc062723c751e8b465ee728b)  -> (artifact id: '8dc5f11f5c96ad05f918a68aa6f19deb') in 0.005723 seconds
  Import took 0.008236 seconds .

========================================================================
Received Import Request.
  Time since last request: 0.000237 seconds.
  path: Assets/Models/Pokemon Trainers/images/eye_ptrainer_w_rgh.png
  artifactKey: Guid(7838cae3913d943bbab376b4cd14e690) Importer(815301076,1909f56bfc062723c751e8b465ee728b)
Start importing Assets/Models/Pokemon Trainers/images/eye_ptrainer_w_rgh.png using Guid(7838cae3913d943bbab376b4cd14e690) Importer(815301076,1909f56bfc062723c751e8b465ee728b)  -> (artifact id: '47684fbc42883fadf20117e0d775f179') in 0.004532 seconds
  Import took 0.006404 seconds .

========================================================================
Received Import Request.
  Time since last request: 0.000218 seconds.
  path: Assets/Models/Pokemon Trainers/images/metal_ptrainer_female_001_col.png
  artifactKey: Guid(1b831141d3e5049c3979b574eb8b038f) Importer(815301076,1909f56bfc062723c751e8b465ee728b)
Start importing Assets/Models/Pokemon Trainers/images/metal_ptrainer_female_001_col.png using Guid(1b831141d3e5049c3979b574eb8b038f) Importer(815301076,1909f56bfc062723c751e8b465ee728b)  -> (artifact id: '849d09c41d89506a51dd802784f046fb') in 0.005974 seconds
  Import took 0.007858 seconds .

========================================================================
Received Import Request.
  Time since last request: 0.000275 seconds.
  path: Assets/Models/Pokemon Trainers/images/metal_ptrainer_female_001_nor_a.png
  artifactKey: Guid(53c8e139d87544ffc8e7c144aee3e5a7) Importer(815301076,1909f56bfc062723c751e8b465ee728b)
Start importing Assets/Models/Pokemon Trainers/images/metal_ptrainer_female_001_nor_a.png using Guid(53c8e139d87544ffc8e7c144aee3e5a7) Importer(815301076,1909f56bfc062723c751e8b465ee728b)  -> (artifact id: 'e4aae5b8956009420706c6d70d3c543c') in 0.005552 seconds
  Import took 0.007737 seconds .

========================================================================
Received Import Request.
  Time since last request: 0.000174 seconds.
  path: Assets/Models/Pokemon Trainers/images/metal_ptrainer_female_001_nor_b.png
  artifactKey: Guid(11b63d28939004e019113de44758d0c7) Importer(815301076,1909f56bfc062723c751e8b465ee728b)
Start importing Assets/Models/Pokemon Trainers/images/metal_ptrainer_female_001_nor_b.png using Guid(11b63d28939004e019113de44758d0c7) Importer(815301076,1909f56bfc062723c751e8b465ee728b)  -> (artifact id: '198b4fa4fe98192504b2233832a7d7de') in 0.005161 seconds
  Import took 0.007281 seconds .

========================================================================
Received Import Request.
  Time since last request: 0.000210 seconds.
  path: Assets/Models/Pokemon Trainers/images/metal_ptrainer_female_001_mtl.png
  artifactKey: Guid(7b5b1d807c40747a39303224f8dbcf93) Importer(815301076,1909f56bfc062723c751e8b465ee728b)
Start importing Assets/Models/Pokemon Trainers/images/metal_ptrainer_female_001_mtl.png using Guid(7b5b1d807c40747a39303224f8dbcf93) Importer(815301076,1909f56bfc062723c751e8b465ee728b)  -> (artifact id: '57ff5b06b01b85811957efb9da2cd396') in 0.005731 seconds
  Import took 0.007632 seconds .

========================================================================
Received Import Request.
  Time since last request: 0.000233 seconds.
  path: Assets/Models/Pokemon Trainers/images/metal_ptrainer_female_001_ao.png
  artifactKey: Guid(17b041622b3f54ea79dc765cf72467ba) Importer(815301076,1909f56bfc062723c751e8b465ee728b)
Start importing Assets/Models/Pokemon Trainers/images/metal_ptrainer_female_001_ao.png using Guid(17b041622b3f54ea79dc765cf72467ba) Importer(815301076,1909f56bfc062723c751e8b465ee728b)  -> (artifact id: '3ff2c203adc6f985933926d7c4728871') in 0.005766 seconds
  Import took 0.007619 seconds .

========================================================================
Received Import Request.
  Time since last request: 0.000197 seconds.
  path: Assets/Models/Pokemon Trainers/images/metal_ptrainer_female_001_rgh.png
  artifactKey: Guid(4d61c2ac0a74940aba15ed5e87a669d8) Importer(815301076,1909f56bfc062723c751e8b465ee728b)
Start importing Assets/Models/Pokemon Trainers/images/metal_ptrainer_female_001_rgh.png using Guid(4d61c2ac0a74940aba15ed5e87a669d8) Importer(815301076,1909f56bfc062723c751e8b465ee728b)  -> (artifact id: 'ca157aaa341f246f3aef2c0b20e3af8a') in 0.004438 seconds
  Import took 0.006330 seconds .

========================================================================
Received Import Request.
  Time since last request: 0.000229 seconds.
  path: Assets/Models/Pokemon Trainers/images/skin_ptrainer_001_mtl.png
  artifactKey: Guid(57bb6b8dbf6024ef695ca099e2ed9b92) Importer(815301076,1909f56bfc062723c751e8b465ee728b)
Start importing Assets/Models/Pokemon Trainers/images/skin_ptrainer_001_mtl.png using Guid(57bb6b8dbf6024ef695ca099e2ed9b92) Importer(815301076,1909f56bfc062723c751e8b465ee728b)  -> (artifact id: 'fd278527af503ea7432be2c2b4f16b02') in 0.006217 seconds
  Import took 0.008204 seconds .

========================================================================
Received Import Request.
  Time since last request: 0.000188 seconds.
  path: Assets/Models/Pokemon Trainers/images/skin_ptrainer_001_spc.png
  artifactKey: Guid(60f80f0db291e4038894aa8f832ddaee) Importer(815301076,1909f56bfc062723c751e8b465ee728b)
Start importing Assets/Models/Pokemon Trainers/images/skin_ptrainer_001_spc.png using Guid(60f80f0db291e4038894aa8f832ddaee) Importer(815301076,1909f56bfc062723c751e8b465ee728b)  -> (artifact id: '42088c16c25ec11045cec8b0560cc95a') in 0.008873 seconds
  Import took 0.010826 seconds .

========================================================================
Received Import Request.
  Time since last request: 0.000208 seconds.
  path: Assets/Models/Pokemon Trainers/images/skin_ptrainer_001_nor_a.png
  artifactKey: Guid(17df50d68036a42e69c1d2e5af762157) Importer(815301076,1909f56bfc062723c751e8b465ee728b)
Start importing Assets/Models/Pokemon Trainers/images/skin_ptrainer_001_nor_a.png using Guid(17df50d68036a42e69c1d2e5af762157) Importer(815301076,1909f56bfc062723c751e8b465ee728b)  -> (artifact id: 'c3266282258250c82f1fb73378f0df33') in 0.007064 seconds
  Import took 0.009578 seconds .

========================================================================
Received Import Request.
  Time since last request: 0.000248 seconds.
  path: Assets/Models/Pokemon Trainers/images/skin_ptrainer_001_nor.png
  artifactKey: Guid(2e78a0058b25b4534b520034318770b3) Importer(815301076,1909f56bfc062723c751e8b465ee728b)
Start importing Assets/Models/Pokemon Trainers/images/skin_ptrainer_001_nor.png using Guid(2e78a0058b25b4534b520034318770b3) Importer(815301076,1909f56bfc062723c751e8b465ee728b)  -> (artifact id: '2c519f9c00ce4a904c76891358067920') in 0.006572 seconds
  Import took 0.008516 seconds .

========================================================================
Received Import Request.
  Time since last request: 0.000203 seconds.
  path: Assets/Models/Pokemon Trainers/images/skin_ptrainer_001_col.png
  artifactKey: Guid(3dd2e54b0c9d14b93972b25025b3b531) Importer(815301076,1909f56bfc062723c751e8b465ee728b)
Start importing Assets/Models/Pokemon Trainers/images/skin_ptrainer_001_col.png using Guid(3dd2e54b0c9d14b93972b25025b3b531) Importer(815301076,1909f56bfc062723c751e8b465ee728b)  -> (artifact id: '090cbf133add6dc45f592b01e682f77f') in 0.006009 seconds
  Import took 0.007958 seconds .

========================================================================
Received Import Request.
  Time since last request: 0.000187 seconds.
  path: Assets/Models/Pokemon Trainers/images/skin_ptrainer_female_001_mtl.png
  artifactKey: Guid(8a65be0150687400cbe0244bc2cdbcc5) Importer(815301076,1909f56bfc062723c751e8b465ee728b)
Start importing Assets/Models/Pokemon Trainers/images/skin_ptrainer_female_001_mtl.png using Guid(8a65be0150687400cbe0244bc2cdbcc5) Importer(815301076,1909f56bfc062723c751e8b465ee728b)  -> (artifact id: 'ff549fee1a06d7754b712b8a98484c87') in 0.005422 seconds
  Import took 0.007903 seconds .

========================================================================
Received Import Request.
  Time since last request: 0.000188 seconds.
  path: Assets/Models/Pokemon Trainers/images/skin_ptrainer_female_001_nor.png
  artifactKey: Guid(13a48e3d213d04862964ce598d4bbd4f) Importer(815301076,1909f56bfc062723c751e8b465ee728b)
Start importing Assets/Models/Pokemon Trainers/images/skin_ptrainer_female_001_nor.png using Guid(13a48e3d213d04862964ce598d4bbd4f) Importer(815301076,1909f56bfc062723c751e8b465ee728b)  -> (artifact id: '13cf1837a35cc42ca5f4c1ff4a2089b1') in 0.009157 seconds
  Import took 0.011291 seconds .

========================================================================
Received Import Request.
  Time since last request: 0.000251 seconds.
  path: Assets/Models/Pokemon Trainers/images/skin_ptrainer_female_001_nor_a.png
  artifactKey: Guid(1d6fec68e607344ebaba2290a1465195) Importer(815301076,1909f56bfc062723c751e8b465ee728b)
Start importing Assets/Models/Pokemon Trainers/images/skin_ptrainer_female_001_nor_a.png using Guid(1d6fec68e607344ebaba2290a1465195) Importer(815301076,1909f56bfc062723c751e8b465ee728b)  -> (artifact id: '7a47cc026edd0e55496ee1807fcb5d9c') in 0.005516 seconds
  Import took 0.007916 seconds .

========================================================================
Received Import Request.
  Time since last request: 0.000266 seconds.
  path: Assets/Models/Pokemon Trainers/images/skin_ptrainer_female_001_spc.png
  artifactKey: Guid(ba6d9139f8fd844e882d8d6cb91d0f15) Importer(815301076,1909f56bfc062723c751e8b465ee728b)
Start importing Assets/Models/Pokemon Trainers/images/skin_ptrainer_female_001_spc.png using Guid(ba6d9139f8fd844e882d8d6cb91d0f15) Importer(815301076,1909f56bfc062723c751e8b465ee728b)  -> (artifact id: 'e2ce200fe40ff83cd8953dda59bef978') in 0.004674 seconds
  Import took 0.006833 seconds .

========================================================================
Received Import Request.
  Time since last request: 0.000194 seconds.
  path: Assets/Models/Pokemon Trainers/images/skin_ptrainer_female_001_nor_b.png
  artifactKey: Guid(6d8af81ba275c431d8411c76f6864a45) Importer(815301076,1909f56bfc062723c751e8b465ee728b)
Start importing Assets/Models/Pokemon Trainers/images/skin_ptrainer_female_001_nor_b.png using Guid(6d8af81ba275c431d8411c76f6864a45) Importer(815301076,1909f56bfc062723c751e8b465ee728b)  -> (artifact id: '49c4d6623ea932a3bb101b6e3236ffa3') in 0.006684 seconds
  Import took 0.009474 seconds .

========================================================================
Received Import Request.
  Time since last request: 0.000269 seconds.
  path: Assets/Models/Pokemon Trainers/images/skin_ptrainer_001_ao.png
  artifactKey: Guid(e6c6890b6f0e64e45ba106df991ee2f7) Importer(815301076,1909f56bfc062723c751e8b465ee728b)
Start importing Assets/Models/Pokemon Trainers/images/skin_ptrainer_001_ao.png using Guid(e6c6890b6f0e64e45ba106df991ee2f7) Importer(815301076,1909f56bfc062723c751e8b465ee728b)  -> (artifact id: '46f444cfc0a74f283093e66e8d44ff0b') in 0.010041 seconds
  Import took 0.012652 seconds .

========================================================================
Received Import Request.
  Time since last request: 0.000184 seconds.
  path: Assets/Models/Pokemon Trainers/images/skin_ptrainer_001_rgh.png
  artifactKey: Guid(665efc703266c4ab5858710803336f65) Importer(815301076,1909f56bfc062723c751e8b465ee728b)
Start importing Assets/Models/Pokemon Trainers/images/skin_ptrainer_001_rgh.png using Guid(665efc703266c4ab5858710803336f65) Importer(815301076,1909f56bfc062723c751e8b465ee728b)  -> (artifact id: 'd4bd80e1fe9b520e8e04e9909cb38d24') in 0.005608 seconds
  Import took 0.007366 seconds .

========================================================================
Received Import Request.
  Time since last request: 0.000218 seconds.
  path: Assets/Models/Pokemon Trainers/images/skin_ptrainer_female_001_rgh.png
  artifactKey: Guid(1659b1e547e4d4d88b6e1b389bcb61ac) Importer(815301076,1909f56bfc062723c751e8b465ee728b)
Start importing Assets/Models/Pokemon Trainers/images/skin_ptrainer_female_001_rgh.png using Guid(1659b1e547e4d4d88b6e1b389bcb61ac) Importer(815301076,1909f56bfc062723c751e8b465ee728b)  -> (artifact id: '58aa15cef067b73405808f267e0acb30') in 0.004638 seconds
  Import took 0.006585 seconds .

========================================================================
Received Import Request.
  Time since last request: 0.000186 seconds.
  path: Assets/Models/Pokemon Trainers/images/metal_ptrainer_female_001_spc.png
  artifactKey: Guid(d0f11e264c5c74354a1975776194d76c) Importer(815301076,1909f56bfc062723c751e8b465ee728b)
Start importing Assets/Models/Pokemon Trainers/images/metal_ptrainer_female_001_spc.png using Guid(d0f11e264c5c74354a1975776194d76c) Importer(815301076,1909f56bfc062723c751e8b465ee728b)  -> (artifact id: '9745850c3f782f84124c63152daeaa09') in 0.005454 seconds
  Import took 0.007775 seconds .

========================================================================
Received Import Request.
  Time since last request: 0.000225 seconds.
  path: Assets/Models/Pokemon Trainers/images/skin_ptrainer_female_001_col.png
  artifactKey: Guid(98ceef4dc667844c88361e32627760f9) Importer(815301076,1909f56bfc062723c751e8b465ee728b)
Start importing Assets/Models/Pokemon Trainers/images/skin_ptrainer_female_001_col.png using Guid(98ceef4dc667844c88361e32627760f9) Importer(815301076,1909f56bfc062723c751e8b465ee728b)  -> (artifact id: 'fe6e485ce175babe95fb983d5a20bee6') in 0.006100 seconds
  Import took 0.008839 seconds .

========================================================================
Received Import Request.
  Time since last request: 0.000253 seconds.
  path: Assets/Models/Pokemon Trainers/images/skin_ptrainer_female_001_ao.png
  artifactKey: Guid(0240aafc08bb946408598ab364392009) Importer(815301076,1909f56bfc062723c751e8b465ee728b)
Start importing Assets/Models/Pokemon Trainers/images/skin_ptrainer_female_001_ao.png using Guid(0240aafc08bb946408598ab364392009) Importer(815301076,1909f56bfc062723c751e8b465ee728b)  -> (artifact id: 'fffb412e8544016b77542d2cf0fa1219') in 0.005679 seconds
  Import took 0.008489 seconds .

========================================================================
Received Import Request.
  Time since last request: 0.000220 seconds.
  path: Assets/Models/Pokemon Trainers/images/skin_ptrainer_001_nor_b.png
  artifactKey: Guid(108650ffe0cba4b99940384eb13c4338) Importer(815301076,1909f56bfc062723c751e8b465ee728b)
Start importing Assets/Models/Pokemon Trainers/images/skin_ptrainer_001_nor_b.png using Guid(108650ffe0cba4b99940384eb13c4338) Importer(815301076,1909f56bfc062723c751e8b465ee728b)  -> (artifact id: '33be070ca609c6cf63c0fdd5626bcd5e') in 0.005651 seconds
  Import took 0.007840 seconds .

========================================================================
Received Import Request.
  Time since last request: 61.056032 seconds.
  path: Assets/Models/Pokemon Trainers/images/Materials/def_ptrainer_001_col.mat
  artifactKey: Guid(848ce0cb0de5a4a85879a70f5f2466eb) Importer(815301076,1909f56bfc062723c751e8b465ee728b)
Start importing Assets/Models/Pokemon Trainers/images/Materials/def_ptrainer_001_col.mat using Guid(848ce0cb0de5a4a85879a70f5f2466eb) Importer(815301076,1909f56bfc062723c751e8b465ee728b)  -> (artifact id: 'd4897d6f6c4efd5286b99d5acef641a5') in 0.330593 seconds
  Import took 0.333696 seconds .

========================================================================
Received Import Request.
  Time since last request: 51.384097 seconds.
  path: Assets/Models/Pokemon Trainers/images/Materials/def_ptrainer_001_col.mat
  artifactKey: Guid(848ce0cb0de5a4a85879a70f5f2466eb) Importer(815301076,1909f56bfc062723c751e8b465ee728b)
Start importing Assets/Models/Pokemon Trainers/images/Materials/def_ptrainer_001_col.mat using Guid(848ce0cb0de5a4a85879a70f5f2466eb) Importer(815301076,1909f56bfc062723c751e8b465ee728b)  -> (artifact id: 'e6fcf390be86e204d88d892bcf3b55c4') in 0.038370 seconds
  Import took 0.041193 seconds .

========================================================================
Received Import Request.
  Time since last request: 26.421145 seconds.
  path: Assets/Images/Materials/Brick Texture.mat
  artifactKey: Guid(7c790ef8b4e0141cea29c14ec0bdb127) Importer(815301076,1909f56bfc062723c751e8b465ee728b)
Start importing Assets/Images/Materials/Brick Texture.mat using Guid(7c790ef8b4e0141cea29c14ec0bdb127) Importer(815301076,1909f56bfc062723c751e8b465ee728b)  -> (artifact id: 'e1c3b46202990954f2f21a607c4b8e36') in 0.013270 seconds
  Import took 0.016294 seconds .

========================================================================
Received Import Request.
  Time since last request: 0.000224 seconds.
  path: Assets/Images/Materials/Roof Texture.mat
  artifactKey: Guid(0072d6e5c471e4136b4cd61a346a1707) Importer(815301076,1909f56bfc062723c751e8b465ee728b)
Start importing Assets/Images/Materials/Roof Texture.mat using Guid(0072d6e5c471e4136b4cd61a346a1707) Importer(815301076,1909f56bfc062723c751e8b465ee728b)  -> (artifact id: '4edb9cacdfd3644e8ba2b92a62d1e7c0') in 0.022500 seconds
  Import took 0.025396 seconds .

========================================================================
Received Prepare
Registering precompiled user dll's ...
Registered in 0.000720 seconds.
Begin MonoManager ReloadAssembly
Native extension for WindowsStandalone target not found
Native extension for OSXStandalone target not found
Refreshing native plugins compatible for Editor in 0.36 ms, found 3 plugins.
Preloading 0 native plugins for Editor in 0.00 ms.
Invoked RoslynAnalysisRunner static constructor.
RoslynAnalysisRunner will not be running.
RoslynAnalysisRunner has terminated.
Mono: successfully reloaded assembly
- Completed reload, in  0.998 seconds
Platform modules already initialized, skipping
Refreshing native plugins compatible for Editor in 0.43 ms, found 3 plugins.
Preloading 0 native plugins for Editor in 0.00 ms.
Unloading 1327 Unused Serialized files (Serialized files now loaded: 0)
System memory in use before: 173.6 MB.
System memory in use after: 173.6 MB.

Unloading 13 unused Assets to reduce memory usage. Loaded Objects now: 1850.
Total: 2.267678 ms (FindLiveObjects: 0.229642 ms CreateObjectMapping: 0.063062 ms MarkObjects: 1.867213 ms  DeleteObjects: 0.105819 ms)

